2025-02-10T22:46:30.081+01:00  INFO 17380 --- [Spring-Proyecto-Final] [main] c.e.demo.SpringProyectoFinalApplication  : Starting SpringProyectoFinalApplication using Java 23 with PID 17380 (C:\Users\usuario\eclipse-workspace\Spring-Proyecto-Final\target\classes started by usuario in C:\Users\usuario\eclipse-workspace\Spring-Proyecto-Final)
2025-02-10T22:46:30.083+01:00  INFO 17380 --- [Spring-Proyecto-Final] [main] c.e.demo.SpringProyectoFinalApplication  : No active profile set, falling back to 1 default profile: "default"
2025-02-10T22:46:30.745+01:00  INFO 17380 --- [Spring-Proyecto-Final] [main] .s.d.r.c.RepositoryConfigurationDelegate : Bootstrapping Spring Data JPA repositories in DEFAULT mode.
2025-02-10T22:46:30.792+01:00  INFO 17380 --- [Spring-Proyecto-Final] [main] .s.d.r.c.RepositoryConfigurationDelegate : Finished Spring Data repository scanning in 39 ms. Found 1 JPA repository interface.
2025-02-10T22:46:31.249+01:00  INFO 17380 --- [Spring-Proyecto-Final] [main] o.s.b.w.embedded.tomcat.TomcatWebServer  : Tomcat initialized with port 8080 (http)
2025-02-10T22:46:31.262+01:00  INFO 17380 --- [Spring-Proyecto-Final] [main] o.apache.catalina.core.StandardService   : Starting service [Tomcat]
2025-02-10T22:46:31.263+01:00  INFO 17380 --- [Spring-Proyecto-Final] [main] o.apache.catalina.core.StandardEngine    : Starting Servlet engine: [Apache Tomcat/10.1.34]
2025-02-10T22:46:31.309+01:00  INFO 17380 --- [Spring-Proyecto-Final] [main] o.a.c.c.C.[Tomcat].[localhost].[/]       : Initializing Spring embedded WebApplicationContext
2025-02-10T22:46:31.309+01:00  INFO 17380 --- [Spring-Proyecto-Final] [main] w.s.c.ServletWebServerApplicationContext : Root WebApplicationContext: initialization completed in 1161 ms
2025-02-10T22:46:31.414+01:00  INFO 17380 --- [Spring-Proyecto-Final] [main] o.hibernate.jpa.internal.util.LogHelper  : HHH000204: Processing PersistenceUnitInfo [name: default]
2025-02-10T22:46:31.465+01:00  INFO 17380 --- [Spring-Proyecto-Final] [main] org.hibernate.Version                    : HHH000412: Hibernate ORM core version 6.6.5.Final
2025-02-10T22:46:31.501+01:00  INFO 17380 --- [Spring-Proyecto-Final] [main] o.h.c.internal.RegionFactoryInitiator    : HHH000026: Second-level cache disabled
2025-02-10T22:46:31.758+01:00  INFO 17380 --- [Spring-Proyecto-Final] [main] o.s.o.j.p.SpringPersistenceUnitInfo      : No LoadTimeWeaver setup: ignoring JPA class transformer
2025-02-10T22:46:31.786+01:00  INFO 17380 --- [Spring-Proyecto-Final] [main] com.zaxxer.hikari.HikariDataSource       : HikariPool-1 - Starting...
2025-02-10T22:46:31.868+01:00  INFO 17380 --- [Spring-Proyecto-Final] [main] com.zaxxer.hikari.pool.HikariPool        : HikariPool-1 - Added connection org.mariadb.jdbc.Connection@5c8b10b4
2025-02-10T22:46:31.869+01:00  INFO 17380 --- [Spring-Proyecto-Final] [main] com.zaxxer.hikari.HikariDataSource       : HikariPool-1 - Start completed.
2025-02-10T22:46:31.898+01:00  WARN 17380 --- [Spring-Proyecto-Final] [main] org.hibernate.orm.deprecation            : HHH90000025: MariaDBDialect does not need to be specified explicitly using 'hibernate.dialect' (remove the property setting and it will be selected by default)
2025-02-10T22:46:31.920+01:00  INFO 17380 --- [Spring-Proyecto-Final] [main] org.hibernate.orm.connections.pooling    : HHH10001005: Database info:
	Database JDBC URL [Connecting through datasource 'HikariDataSource (HikariPool-1)']
	Database driver: undefined/unknown
	Database version: 11.6.2
	Autocommit mode: undefined/unknown
	Isolation level: undefined/unknown
	Minimum pool size: undefined/unknown
	Maximum pool size: undefined/unknown
2025-02-10T22:46:32.644+01:00  INFO 17380 --- [Spring-Proyecto-Final] [main] o.h.e.t.j.p.i.JtaPlatformInitiator       : HHH000489: No JTA platform available (set 'hibernate.transaction.jta.platform' to enable JTA platform integration)
2025-02-10T22:46:32.682+01:00  INFO 17380 --- [Spring-Proyecto-Final] [main] j.LocalContainerEntityManagerFactoryBean : Initialized JPA EntityManagerFactory for persistence unit 'default'
2025-02-10T22:46:32.917+01:00  INFO 17380 --- [Spring-Proyecto-Final] [main] o.s.d.j.r.query.QueryEnhancerFactory     : Hibernate is in classpath; If applicable, HQL parser will be used.
2025-02-10T22:46:33.361+01:00 ERROR 17380 --- [Spring-Proyecto-Final] [main] o.s.b.web.embedded.tomcat.TomcatStarter  : Error starting Tomcat context. Exception: org.springframework.beans.factory.UnsatisfiedDependencyException. Message: Error creating bean with name 'jwtAuthenticationFilter': Unsatisfied dependency expressed through field 'userDetailsService': Error creating bean with name 'userService': Unsatisfied dependency expressed through field 'passwordEncoder': No qualifying bean of type 'org.springframework.security.crypto.bcrypt.BCryptPasswordEncoder' available: expected at least 1 bean which qualifies as autowire candidate. Dependency annotations: {@org.springframework.beans.factory.annotation.Autowired(required=true)}
2025-02-10T22:46:33.387+01:00  INFO 17380 --- [Spring-Proyecto-Final] [main] o.apache.catalina.core.StandardService   : Stopping service [Tomcat]
2025-02-10T22:46:33.390+01:00  WARN 17380 --- [Spring-Proyecto-Final] [main] o.a.c.loader.WebappClassLoaderBase       : The web application [ROOT] appears to have started a thread named [HikariPool-1 housekeeper] but has failed to stop it. This is very likely to create a memory leak. Stack trace of thread:
 java.base/jdk.internal.misc.Unsafe.park(Native Method)
 java.base/java.util.concurrent.locks.LockSupport.parkNanos(LockSupport.java:269)
 java.base/java.util.concurrent.locks.AbstractQueuedSynchronizer$ConditionObject.awaitNanos(AbstractQueuedSynchronizer.java:1763)
 java.base/java.util.concurrent.ScheduledThreadPoolExecutor$DelayedWorkQueue.take(ScheduledThreadPoolExecutor.java:1182)
 java.base/java.util.concurrent.ScheduledThreadPoolExecutor$DelayedWorkQueue.take(ScheduledThreadPoolExecutor.java:899)
 java.base/java.util.concurrent.ThreadPoolExecutor.getTask(ThreadPoolExecutor.java:1070)
 java.base/java.util.concurrent.ThreadPoolExecutor.runWorker(ThreadPoolExecutor.java:1130)
 java.base/java.util.concurrent.ThreadPoolExecutor$Worker.run(ThreadPoolExecutor.java:642)
 java.base/java.lang.Thread.run(Thread.java:1575)
2025-02-10T22:46:33.390+01:00  WARN 17380 --- [Spring-Proyecto-Final] [main] o.a.c.loader.WebappClassLoaderBase       : The web application [ROOT] appears to have started a thread named [HikariPool-1 connection adder] but has failed to stop it. This is very likely to create a memory leak. Stack trace of thread:
 java.base/jdk.internal.misc.Unsafe.park(Native Method)
 java.base/java.util.concurrent.locks.LockSupport.parkNanos(LockSupport.java:269)
 java.base/java.util.concurrent.locks.AbstractQueuedSynchronizer$ConditionObject.awaitNanos(AbstractQueuedSynchronizer.java:1763)
 java.base/java.util.concurrent.LinkedBlockingQueue.poll(LinkedBlockingQueue.java:460)
 java.base/java.util.concurrent.ThreadPoolExecutor.getTask(ThreadPoolExecutor.java:1069)
 java.base/java.util.concurrent.ThreadPoolExecutor.runWorker(ThreadPoolExecutor.java:1130)
 java.base/java.util.concurrent.ThreadPoolExecutor$Worker.run(ThreadPoolExecutor.java:642)
 java.base/java.lang.Thread.run(Thread.java:1575)
2025-02-10T22:46:33.393+01:00  WARN 17380 --- [Spring-Proyecto-Final] [main] ConfigServletWebServerApplicationContext : Exception encountered during context initialization - cancelling refresh attempt: org.springframework.context.ApplicationContextException: Unable to start web server
2025-02-10T22:46:33.394+01:00  INFO 17380 --- [Spring-Proyecto-Final] [main] j.LocalContainerEntityManagerFactoryBean : Closing JPA EntityManagerFactory for persistence unit 'default'
2025-02-10T22:46:33.397+01:00  INFO 17380 --- [Spring-Proyecto-Final] [main] com.zaxxer.hikari.HikariDataSource       : HikariPool-1 - Shutdown initiated...
2025-02-10T22:46:33.409+01:00  INFO 17380 --- [Spring-Proyecto-Final] [main] com.zaxxer.hikari.HikariDataSource       : HikariPool-1 - Shutdown completed.
2025-02-10T22:46:33.416+01:00  INFO 17380 --- [Spring-Proyecto-Final] [main] .s.b.a.l.ConditionEvaluationReportLogger : 

Error starting ApplicationContext. To display the condition evaluation report re-run your application with 'debug' enabled.
2025-02-10T22:46:33.439+01:00 ERROR 17380 --- [Spring-Proyecto-Final] [main] o.s.b.d.LoggingFailureAnalysisReporter   : 

***************************
APPLICATION FAILED TO START
***************************

Description:

Field passwordEncoder in com.example.demo.service.UserService required a bean of type 'org.springframework.security.crypto.bcrypt.BCryptPasswordEncoder' that could not be found.

The injection point has the following annotations:
	- @org.springframework.beans.factory.annotation.Autowired(required=true)


Action:

Consider defining a bean of type 'org.springframework.security.crypto.bcrypt.BCryptPasswordEncoder' in your configuration.

2025-02-10T22:52:22.160+01:00  INFO 19996 --- [Spring-Proyecto-Final] [main] c.e.demo.SpringProyectoFinalApplication  : Starting SpringProyectoFinalApplication using Java 23 with PID 19996 (C:\Users\usuario\eclipse-workspace\Spring-Proyecto-Final\target\classes started by usuario in C:\Users\usuario\eclipse-workspace\Spring-Proyecto-Final)
2025-02-10T22:52:22.162+01:00  INFO 19996 --- [Spring-Proyecto-Final] [main] c.e.demo.SpringProyectoFinalApplication  : No active profile set, falling back to 1 default profile: "default"
2025-02-10T22:52:22.815+01:00  INFO 19996 --- [Spring-Proyecto-Final] [main] .s.d.r.c.RepositoryConfigurationDelegate : Bootstrapping Spring Data JPA repositories in DEFAULT mode.
2025-02-10T22:52:22.868+01:00  INFO 19996 --- [Spring-Proyecto-Final] [main] .s.d.r.c.RepositoryConfigurationDelegate : Finished Spring Data repository scanning in 44 ms. Found 1 JPA repository interface.
2025-02-10T22:52:23.339+01:00  INFO 19996 --- [Spring-Proyecto-Final] [main] o.s.b.w.embedded.tomcat.TomcatWebServer  : Tomcat initialized with port 8080 (http)
2025-02-10T22:52:23.351+01:00  INFO 19996 --- [Spring-Proyecto-Final] [main] o.apache.catalina.core.StandardService   : Starting service [Tomcat]
2025-02-10T22:52:23.352+01:00  INFO 19996 --- [Spring-Proyecto-Final] [main] o.apache.catalina.core.StandardEngine    : Starting Servlet engine: [Apache Tomcat/10.1.34]
2025-02-10T22:52:23.397+01:00  INFO 19996 --- [Spring-Proyecto-Final] [main] o.a.c.c.C.[Tomcat].[localhost].[/]       : Initializing Spring embedded WebApplicationContext
2025-02-10T22:52:23.398+01:00  INFO 19996 --- [Spring-Proyecto-Final] [main] w.s.c.ServletWebServerApplicationContext : Root WebApplicationContext: initialization completed in 1176 ms
2025-02-10T22:52:23.513+01:00  INFO 19996 --- [Spring-Proyecto-Final] [main] o.hibernate.jpa.internal.util.LogHelper  : HHH000204: Processing PersistenceUnitInfo [name: default]
2025-02-10T22:52:23.564+01:00  INFO 19996 --- [Spring-Proyecto-Final] [main] org.hibernate.Version                    : HHH000412: Hibernate ORM core version 6.6.5.Final
2025-02-10T22:52:23.594+01:00  INFO 19996 --- [Spring-Proyecto-Final] [main] o.h.c.internal.RegionFactoryInitiator    : HHH000026: Second-level cache disabled
2025-02-10T22:52:23.856+01:00  INFO 19996 --- [Spring-Proyecto-Final] [main] o.s.o.j.p.SpringPersistenceUnitInfo      : No LoadTimeWeaver setup: ignoring JPA class transformer
2025-02-10T22:52:23.885+01:00  INFO 19996 --- [Spring-Proyecto-Final] [main] com.zaxxer.hikari.HikariDataSource       : HikariPool-1 - Starting...
2025-02-10T22:52:23.972+01:00  INFO 19996 --- [Spring-Proyecto-Final] [main] com.zaxxer.hikari.pool.HikariPool        : HikariPool-1 - Added connection org.mariadb.jdbc.Connection@745926c3
2025-02-10T22:52:23.974+01:00  INFO 19996 --- [Spring-Proyecto-Final] [main] com.zaxxer.hikari.HikariDataSource       : HikariPool-1 - Start completed.
2025-02-10T22:52:24.001+01:00  WARN 19996 --- [Spring-Proyecto-Final] [main] org.hibernate.orm.deprecation            : HHH90000025: MariaDBDialect does not need to be specified explicitly using 'hibernate.dialect' (remove the property setting and it will be selected by default)
2025-02-10T22:52:24.019+01:00  INFO 19996 --- [Spring-Proyecto-Final] [main] org.hibernate.orm.connections.pooling    : HHH10001005: Database info:
	Database JDBC URL [Connecting through datasource 'HikariDataSource (HikariPool-1)']
	Database driver: undefined/unknown
	Database version: 11.6.2
	Autocommit mode: undefined/unknown
	Isolation level: undefined/unknown
	Minimum pool size: undefined/unknown
	Maximum pool size: undefined/unknown
2025-02-10T22:52:24.742+01:00  INFO 19996 --- [Spring-Proyecto-Final] [main] o.h.e.t.j.p.i.JtaPlatformInitiator       : HHH000489: No JTA platform available (set 'hibernate.transaction.jta.platform' to enable JTA platform integration)
2025-02-10T22:52:24.776+01:00  INFO 19996 --- [Spring-Proyecto-Final] [main] j.LocalContainerEntityManagerFactoryBean : Initialized JPA EntityManagerFactory for persistence unit 'default'
2025-02-10T22:52:25.013+01:00  INFO 19996 --- [Spring-Proyecto-Final] [main] o.s.d.j.r.query.QueryEnhancerFactory     : Hibernate is in classpath; If applicable, HQL parser will be used.
2025-02-10T22:52:25.505+01:00  INFO 19996 --- [Spring-Proyecto-Final] [main] r$InitializeUserDetailsManagerConfigurer : Global AuthenticationManager configured with UserDetailsService bean with name userService
2025-02-10T22:52:25.529+01:00  WARN 19996 --- [Spring-Proyecto-Final] [main] JpaBaseConfiguration$JpaWebConfiguration : spring.jpa.open-in-view is enabled by default. Therefore, database queries may be performed during view rendering. Explicitly configure spring.jpa.open-in-view to disable this warning
2025-02-10T22:52:26.023+01:00  INFO 19996 --- [Spring-Proyecto-Final] [main] o.s.b.w.embedded.tomcat.TomcatWebServer  : Tomcat started on port 8080 (http) with context path '/'
2025-02-10T22:52:26.031+01:00  INFO 19996 --- [Spring-Proyecto-Final] [main] c.e.demo.SpringProyectoFinalApplication  : Started SpringProyectoFinalApplication in 4.314 seconds (process running for 4.938)
2025-02-10T22:53:42.288+01:00  INFO 19996 --- [Spring-Proyecto-Final] [RMI TCP Connection(4)-127.0.0.1] inMXBeanRegistrar$SpringApplicationAdmin : Application shutdown requested.
2025-02-10T22:53:42.290+01:00  INFO 19996 --- [Spring-Proyecto-Final] [RMI TCP Connection(4)-127.0.0.1] o.s.b.w.e.tomcat.GracefulShutdown        : Commencing graceful shutdown. Waiting for active requests to complete
2025-02-10T22:53:42.296+01:00  INFO 19996 --- [Spring-Proyecto-Final] [tomcat-shutdown] o.s.b.w.e.tomcat.GracefulShutdown        : Graceful shutdown complete
2025-02-10T22:53:42.301+01:00  INFO 19996 --- [Spring-Proyecto-Final] [RMI TCP Connection(4)-127.0.0.1] j.LocalContainerEntityManagerFactoryBean : Closing JPA EntityManagerFactory for persistence unit 'default'
2025-02-10T22:53:42.303+01:00  INFO 19996 --- [Spring-Proyecto-Final] [RMI TCP Connection(4)-127.0.0.1] com.zaxxer.hikari.HikariDataSource       : HikariPool-1 - Shutdown initiated...
2025-02-10T22:53:42.316+01:00  INFO 19996 --- [Spring-Proyecto-Final] [RMI TCP Connection(4)-127.0.0.1] com.zaxxer.hikari.HikariDataSource       : HikariPool-1 - Shutdown completed.
2025-02-10T22:53:46.123+01:00  INFO 20068 --- [Spring-Proyecto-Final] [main] c.e.demo.SpringProyectoFinalApplication  : Starting SpringProyectoFinalApplication using Java 23 with PID 20068 (C:\Users\usuario\eclipse-workspace\Spring-Proyecto-Final\target\classes started by usuario in C:\Users\usuario\eclipse-workspace\Spring-Proyecto-Final)
2025-02-10T22:53:46.124+01:00  INFO 20068 --- [Spring-Proyecto-Final] [main] c.e.demo.SpringProyectoFinalApplication  : No active profile set, falling back to 1 default profile: "default"
2025-02-10T22:53:46.773+01:00  INFO 20068 --- [Spring-Proyecto-Final] [main] .s.d.r.c.RepositoryConfigurationDelegate : Bootstrapping Spring Data JPA repositories in DEFAULT mode.
2025-02-10T22:53:46.822+01:00  INFO 20068 --- [Spring-Proyecto-Final] [main] .s.d.r.c.RepositoryConfigurationDelegate : Finished Spring Data repository scanning in 41 ms. Found 1 JPA repository interface.
2025-02-10T22:53:47.265+01:00  INFO 20068 --- [Spring-Proyecto-Final] [main] o.s.b.w.embedded.tomcat.TomcatWebServer  : Tomcat initialized with port 8080 (http)
2025-02-10T22:53:47.277+01:00  INFO 20068 --- [Spring-Proyecto-Final] [main] o.apache.catalina.core.StandardService   : Starting service [Tomcat]
2025-02-10T22:53:47.277+01:00  INFO 20068 --- [Spring-Proyecto-Final] [main] o.apache.catalina.core.StandardEngine    : Starting Servlet engine: [Apache Tomcat/10.1.34]
2025-02-10T22:53:47.322+01:00  INFO 20068 --- [Spring-Proyecto-Final] [main] o.a.c.c.C.[Tomcat].[localhost].[/]       : Initializing Spring embedded WebApplicationContext
2025-02-10T22:53:47.323+01:00  INFO 20068 --- [Spring-Proyecto-Final] [main] w.s.c.ServletWebServerApplicationContext : Root WebApplicationContext: initialization completed in 1139 ms
2025-02-10T22:53:47.345+01:00 ERROR 20068 --- [Spring-Proyecto-Final] [main] o.s.b.web.embedded.tomcat.TomcatStarter  : Error starting Tomcat context. Exception: org.springframework.beans.factory.UnsatisfiedDependencyException. Message: Error creating bean with name 'jwtAuthenticationFilter': Unsatisfied dependency expressed through field 'userDetailsService': Error creating bean with name 'userService': Unsatisfied dependency expressed through field 'passwordEncoder': No qualifying bean of type 'org.springframework.security.crypto.bcrypt.BCryptPasswordEncoder' available: expected at least 1 bean which qualifies as autowire candidate. Dependency annotations: {@org.springframework.beans.factory.annotation.Autowired(required=true)}
2025-02-10T22:53:47.366+01:00  INFO 20068 --- [Spring-Proyecto-Final] [main] o.apache.catalina.core.StandardService   : Stopping service [Tomcat]
2025-02-10T22:53:47.372+01:00  WARN 20068 --- [Spring-Proyecto-Final] [main] ConfigServletWebServerApplicationContext : Exception encountered during context initialization - cancelling refresh attempt: org.springframework.context.ApplicationContextException: Unable to start web server
2025-02-10T22:53:47.380+01:00  INFO 20068 --- [Spring-Proyecto-Final] [main] .s.b.a.l.ConditionEvaluationReportLogger : 

Error starting ApplicationContext. To display the condition evaluation report re-run your application with 'debug' enabled.
2025-02-10T22:53:47.399+01:00 ERROR 20068 --- [Spring-Proyecto-Final] [main] o.s.b.d.LoggingFailureAnalysisReporter   : 

***************************
APPLICATION FAILED TO START
***************************

Description:

Field passwordEncoder in com.example.demo.service.UserService required a bean of type 'org.springframework.security.crypto.bcrypt.BCryptPasswordEncoder' that could not be found.

The injection point has the following annotations:
	- @org.springframework.beans.factory.annotation.Autowired(required=true)


Action:

Consider defining a bean of type 'org.springframework.security.crypto.bcrypt.BCryptPasswordEncoder' in your configuration.

2025-02-10T22:56:50.150+01:00  INFO 8924 --- [Spring-Proyecto-Final] [main] c.e.demo.SpringProyectoFinalApplication  : Starting SpringProyectoFinalApplication using Java 23 with PID 8924 (C:\Users\usuario\eclipse-workspace\Spring-Proyecto-Final\target\classes started by usuario in C:\Users\usuario\eclipse-workspace\Spring-Proyecto-Final)
2025-02-10T22:56:50.153+01:00  INFO 8924 --- [Spring-Proyecto-Final] [main] c.e.demo.SpringProyectoFinalApplication  : No active profile set, falling back to 1 default profile: "default"
2025-02-10T22:56:50.917+01:00  INFO 8924 --- [Spring-Proyecto-Final] [main] .s.d.r.c.RepositoryConfigurationDelegate : Bootstrapping Spring Data JPA repositories in DEFAULT mode.
2025-02-10T22:56:50.969+01:00  INFO 8924 --- [Spring-Proyecto-Final] [main] .s.d.r.c.RepositoryConfigurationDelegate : Finished Spring Data repository scanning in 45 ms. Found 1 JPA repository interface.
2025-02-10T22:56:51.456+01:00  INFO 8924 --- [Spring-Proyecto-Final] [main] o.s.b.w.embedded.tomcat.TomcatWebServer  : Tomcat initialized with port 8080 (http)
2025-02-10T22:56:51.468+01:00  INFO 8924 --- [Spring-Proyecto-Final] [main] o.apache.catalina.core.StandardService   : Starting service [Tomcat]
2025-02-10T22:56:51.468+01:00  INFO 8924 --- [Spring-Proyecto-Final] [main] o.apache.catalina.core.StandardEngine    : Starting Servlet engine: [Apache Tomcat/10.1.34]
2025-02-10T22:56:51.518+01:00  INFO 8924 --- [Spring-Proyecto-Final] [main] o.a.c.c.C.[Tomcat].[localhost].[/]       : Initializing Spring embedded WebApplicationContext
2025-02-10T22:56:51.518+01:00  INFO 8924 --- [Spring-Proyecto-Final] [main] w.s.c.ServletWebServerApplicationContext : Root WebApplicationContext: initialization completed in 1293 ms
2025-02-10T22:56:51.541+01:00 ERROR 8924 --- [Spring-Proyecto-Final] [main] o.s.b.web.embedded.tomcat.TomcatStarter  : Error starting Tomcat context. Exception: org.springframework.beans.factory.UnsatisfiedDependencyException. Message: Error creating bean with name 'jwtAuthenticationFilter': Unsatisfied dependency expressed through field 'userDetailsService': Error creating bean with name 'userService': Unsatisfied dependency expressed through field 'passwordEncoder': No qualifying bean of type 'org.springframework.security.crypto.bcrypt.BCryptPasswordEncoder' available: expected at least 1 bean which qualifies as autowire candidate. Dependency annotations: {@org.springframework.beans.factory.annotation.Autowired(required=true)}
2025-02-10T22:56:51.562+01:00  INFO 8924 --- [Spring-Proyecto-Final] [main] o.apache.catalina.core.StandardService   : Stopping service [Tomcat]
2025-02-10T22:56:51.569+01:00  WARN 8924 --- [Spring-Proyecto-Final] [main] ConfigServletWebServerApplicationContext : Exception encountered during context initialization - cancelling refresh attempt: org.springframework.context.ApplicationContextException: Unable to start web server
2025-02-10T22:56:51.576+01:00  INFO 8924 --- [Spring-Proyecto-Final] [main] .s.b.a.l.ConditionEvaluationReportLogger : 

Error starting ApplicationContext. To display the condition evaluation report re-run your application with 'debug' enabled.
2025-02-10T22:56:51.595+01:00 ERROR 8924 --- [Spring-Proyecto-Final] [main] o.s.b.d.LoggingFailureAnalysisReporter   : 

***************************
APPLICATION FAILED TO START
***************************

Description:

Field passwordEncoder in com.example.demo.service.UserService required a bean of type 'org.springframework.security.crypto.bcrypt.BCryptPasswordEncoder' that could not be found.

The injection point has the following annotations:
	- @org.springframework.beans.factory.annotation.Autowired(required=true)


Action:

Consider defining a bean of type 'org.springframework.security.crypto.bcrypt.BCryptPasswordEncoder' in your configuration.

2025-02-10T23:53:11.466+01:00  INFO 11640 --- [Spring-Proyecto-Final] [main] c.e.demo.SpringProyectoFinalApplication  : Starting SpringProyectoFinalApplication using Java 23 with PID 11640 (C:\Users\usuario\eclipse-workspace\Spring-Proyecto-Final\target\classes started by usuario in C:\Users\usuario\eclipse-workspace\Spring-Proyecto-Final)
2025-02-10T23:53:11.467+01:00  INFO 11640 --- [Spring-Proyecto-Final] [main] c.e.demo.SpringProyectoFinalApplication  : No active profile set, falling back to 1 default profile: "default"
2025-02-10T23:53:12.194+01:00  INFO 11640 --- [Spring-Proyecto-Final] [main] .s.d.r.c.RepositoryConfigurationDelegate : Bootstrapping Spring Data JPA repositories in DEFAULT mode.
2025-02-10T23:53:12.255+01:00  INFO 11640 --- [Spring-Proyecto-Final] [main] .s.d.r.c.RepositoryConfigurationDelegate : Finished Spring Data repository scanning in 53 ms. Found 3 JPA repository interfaces.
2025-02-10T23:53:12.800+01:00  INFO 11640 --- [Spring-Proyecto-Final] [main] o.s.b.w.embedded.tomcat.TomcatWebServer  : Tomcat initialized with port 8080 (http)
2025-02-10T23:53:12.811+01:00  INFO 11640 --- [Spring-Proyecto-Final] [main] o.apache.catalina.core.StandardService   : Starting service [Tomcat]
2025-02-10T23:53:12.811+01:00  INFO 11640 --- [Spring-Proyecto-Final] [main] o.apache.catalina.core.StandardEngine    : Starting Servlet engine: [Apache Tomcat/10.1.34]
2025-02-10T23:53:12.858+01:00  INFO 11640 --- [Spring-Proyecto-Final] [main] o.a.c.c.C.[Tomcat].[localhost].[/]       : Initializing Spring embedded WebApplicationContext
2025-02-10T23:53:12.858+01:00  INFO 11640 --- [Spring-Proyecto-Final] [main] w.s.c.ServletWebServerApplicationContext : Root WebApplicationContext: initialization completed in 1329 ms
2025-02-10T23:53:12.878+01:00 ERROR 11640 --- [Spring-Proyecto-Final] [main] o.s.b.web.embedded.tomcat.TomcatStarter  : Error starting Tomcat context. Exception: org.springframework.beans.factory.UnsatisfiedDependencyException. Message: Error creating bean with name 'jwtAuthenticationFilter': Unsatisfied dependency expressed through field 'userDetailsService': Error creating bean with name 'userService': Unsatisfied dependency expressed through field 'passwordEncoder': No qualifying bean of type 'org.springframework.security.crypto.bcrypt.BCryptPasswordEncoder' available: expected at least 1 bean which qualifies as autowire candidate. Dependency annotations: {@org.springframework.beans.factory.annotation.Autowired(required=true)}
2025-02-10T23:53:12.897+01:00  INFO 11640 --- [Spring-Proyecto-Final] [main] o.apache.catalina.core.StandardService   : Stopping service [Tomcat]
2025-02-10T23:53:12.903+01:00  WARN 11640 --- [Spring-Proyecto-Final] [main] ConfigServletWebServerApplicationContext : Exception encountered during context initialization - cancelling refresh attempt: org.springframework.context.ApplicationContextException: Unable to start web server
2025-02-10T23:53:12.910+01:00  INFO 11640 --- [Spring-Proyecto-Final] [main] .s.b.a.l.ConditionEvaluationReportLogger : 

Error starting ApplicationContext. To display the condition evaluation report re-run your application with 'debug' enabled.
2025-02-10T23:53:12.925+01:00 ERROR 11640 --- [Spring-Proyecto-Final] [main] o.s.b.d.LoggingFailureAnalysisReporter   : 

***************************
APPLICATION FAILED TO START
***************************

Description:

Field passwordEncoder in com.example.demo.service.UserService required a bean of type 'org.springframework.security.crypto.bcrypt.BCryptPasswordEncoder' that could not be found.

The injection point has the following annotations:
	- @org.springframework.beans.factory.annotation.Autowired(required=true)


Action:

Consider defining a bean of type 'org.springframework.security.crypto.bcrypt.BCryptPasswordEncoder' in your configuration.

